<?xml version="1.0" encoding="UTF-8"?>
<!-- Generated by org.testng.reporters.JUnitXMLReporter -->
<testsuite hostname="Sirisha-PC" name="Free CRM App Test Cases" tests="3" failures="0" timestamp="18 Jul 2018 14:19:30 GMT" time="72.373" errors="0">
  <testcase name="verifyHomePageTitleTest" time="0.028" classname="com.crm.qa.testcases.HomePageTest"/>
  <testcase name="verifyUserNameTest" time="0.212" classname="com.crm.qa.testcases.HomePageTest"/>
  <testcase name="verifyContactsLinkTest" time="0.303" classname="com.crm.qa.testcases.HomePageTest"/>
</testsuite> <!-- Free CRM App Test Cases -->
