<?xml version="1.0" encoding="UTF-8"?>
<!-- Generated by org.testng.reporters.JUnitXMLReporter -->
<testsuite hostname="Sirisha-PC" name="Default test" tests="3" failures="0" timestamp="19 Jul 2018 06:16:52 GMT" time="57.556" errors="0">
  <testcase name="loginPageTitleTest" time="0.321" classname="com.crm.qa.testcases.LoginPageTest"/>
  <testcase name="crmLogoImageTest" time="0.346" classname="com.crm.qa.testcases.LoginPageTest"/>
  <testcase name="loginTest" time="10.624" classname="com.crm.qa.testcases.LoginPageTest"/>
</testsuite> <!-- Default test -->
