<?xml version="1.0" encoding="UTF-8"?>
<testng-results skipped="0" failed="0" total="3" passed="3">
  <reporter-output>
  </reporter-output>
  <suite name="Default suite" duration-ms="57556" started-at="2018-07-19T06:15:54Z" finished-at="2018-07-19T06:16:52Z">
    <groups>
    </groups>
    <test name="Default test" duration-ms="57556" started-at="2018-07-19T06:15:54Z" finished-at="2018-07-19T06:16:52Z">
      <class name="com.crm.qa.testcases.LoginPageTest">
        <test-method status="PASS" signature="setUp()[pri:0, instance:com.crm.qa.testcases.LoginPageTest@3b0143d3]" name="setUp" is-config="true" duration-ms="16418" started-at="2018-07-19T11:45:54Z" finished-at="2018-07-19T11:46:11Z">
          <reporter-output>
          </reporter-output>
        </test-method> <!-- setUp -->
        <test-method status="PASS" signature="loginPageTitleTest()[pri:1, instance:com.crm.qa.testcases.LoginPageTest@3b0143d3]" name="loginPageTitleTest" duration-ms="321" started-at="2018-07-19T11:46:11Z" finished-at="2018-07-19T11:46:11Z">
          <reporter-output>
          </reporter-output>
        </test-method> <!-- loginPageTitleTest -->
        <test-method status="PASS" signature="tearDown()[pri:0, instance:com.crm.qa.testcases.LoginPageTest@3b0143d3]" name="tearDown" is-config="true" duration-ms="1391" started-at="2018-07-19T11:46:11Z" finished-at="2018-07-19T11:46:12Z">
          <reporter-output>
          </reporter-output>
        </test-method> <!-- tearDown -->
        <test-method status="PASS" signature="setUp()[pri:0, instance:com.crm.qa.testcases.LoginPageTest@3b0143d3]" name="setUp" is-config="true" duration-ms="13006" started-at="2018-07-19T11:46:12Z" finished-at="2018-07-19T11:46:25Z">
          <reporter-output>
          </reporter-output>
        </test-method> <!-- setUp -->
        <test-method status="PASS" signature="crmLogoImageTest()[pri:2, instance:com.crm.qa.testcases.LoginPageTest@3b0143d3]" name="crmLogoImageTest" duration-ms="346" started-at="2018-07-19T11:46:25Z" finished-at="2018-07-19T11:46:26Z">
          <reporter-output>
          </reporter-output>
        </test-method> <!-- crmLogoImageTest -->
        <test-method status="PASS" signature="tearDown()[pri:0, instance:com.crm.qa.testcases.LoginPageTest@3b0143d3]" name="tearDown" is-config="true" duration-ms="1069" started-at="2018-07-19T11:46:26Z" finished-at="2018-07-19T11:46:27Z">
          <reporter-output>
          </reporter-output>
        </test-method> <!-- tearDown -->
        <test-method status="PASS" signature="setUp()[pri:0, instance:com.crm.qa.testcases.LoginPageTest@3b0143d3]" name="setUp" is-config="true" duration-ms="13211" started-at="2018-07-19T11:46:27Z" finished-at="2018-07-19T11:46:40Z">
          <reporter-output>
          </reporter-output>
        </test-method> <!-- setUp -->
        <test-method status="PASS" signature="loginTest()[pri:3, instance:com.crm.qa.testcases.LoginPageTest@3b0143d3]" name="loginTest" duration-ms="10624" started-at="2018-07-19T11:46:40Z" finished-at="2018-07-19T11:46:51Z">
          <reporter-output>
          </reporter-output>
        </test-method> <!-- loginTest -->
        <test-method status="PASS" signature="tearDown()[pri:0, instance:com.crm.qa.testcases.LoginPageTest@3b0143d3]" name="tearDown" is-config="true" duration-ms="1137" started-at="2018-07-19T11:46:51Z" finished-at="2018-07-19T11:46:52Z">
          <reporter-output>
          </reporter-output>
        </test-method> <!-- tearDown -->
      </class> <!-- com.crm.qa.testcases.LoginPageTest -->
    </test> <!-- Default test -->
  </suite> <!-- Default suite -->
</testng-results>
